Figwheel: focusing on build-ids (frontend)
[0mCompiling "app/js/front.js" from ["src_front"]...
[32mSuccessfully compiled "app/js/front.js" in 0.221 seconds.[0m
notifying browser that file changed:  app/js/front.js
notifying browser that file changed:  app/js/out/goog/deps.js
notifying browser that file changed:  /dmedit_om/core.js
[0mCompiling "app/js/front.js" from ["src_front"]...
WARNING: Use of undeclared Var dmedit-om.core/getElementById at line 26 src_front/dmedit_om/core.cljs
[32mSuccessfully compiled "app/js/front.js" in 0.697 seconds.[0m
notifying browser that file changed:  /dmedit_om/core.js
[0mCompiling "app/js/front.js" from ["src_front"]...
WARNING: Use of undeclared Var dmedit-om.core/getElementById at line 26 src_front/dmedit_om/core.cljs
[32mSuccessfully compiled "app/js/front.js" in 0.374 seconds.[0m
notifying browser that file changed:  /dmedit_om/core.js
[0mCompiling "app/js/front.js" from ["src_front"]...
WARNING: Use of undeclared Var dmedit-om.core/getElementById at line 26 src_front/dmedit_om/core.cljs
[32mSuccessfully compiled "app/js/front.js" in 0.312 seconds.[0m
notifying browser that file changed:  /dmedit_om/core.js
[0mCompiling "app/js/front.js" from ["src_front"]...
[32mSuccessfully compiled "app/js/front.js" in 0.197 seconds.[0m
notifying browser that file changed:  /dmedit_om/core.js
[0mCompiling "app/js/front.js" from ["src_front"]...
WARNING: Use of undeclared Var dmedit-om.core/Codemirror at line 26 src_front/dmedit_om/core.cljs
[32mSuccessfully compiled "app/js/front.js" in 0.342 seconds.[0m
notifying browser that file changed:  /dmedit_om/core.js
[0mCompiling "app/js/front.js" from ["src_front"]...
[32mSuccessfully compiled "app/js/front.js" in 0.353 seconds.[0m
notifying browser that file changed:  /dmedit_om/core.js
[0mCompiling "app/js/front.js" from ["src_front"]...
[32mSuccessfully compiled "app/js/front.js" in 0.312 seconds.[0m
notifying browser that file changed:  /dmedit_om/core.js
[0mCompiling "app/js/front.js" from ["src_front"]...
[32mSuccessfully compiled "app/js/front.js" in 0.313 seconds.[0m
notifying browser that file changed:  /dmedit_om/core.js
[0mCompiling "app/js/front.js" from ["src_front"]...
[32mSuccessfully compiled "app/js/front.js" in 0.264 seconds.[0m
notifying browser that file changed:  /dmedit_om/core.js
[0mCompiling "app/js/front.js" from ["src_front"]...
[32mSuccessfully compiled "app/js/front.js" in 0.289 seconds.[0m
notifying browser that file changed:  /dmedit_om/core.js
[0mCompiling "app/js/front.js" from ["src_front"]...
[32mSuccessfully compiled "app/js/front.js" in 0.474 seconds.[0m
notifying browser that file changed:  /dmedit_om/core.js
[0mCompiling "app/js/front.js" from ["src_front"]...
[31mCompiling "app/js/front.js" failed.[0m
ERROR: EOF while reading, starting at line 29 and column 5 on file /Users/david.mohl/src/dmedit/src_front/dmedit_om/core.cljs, line 36, column 1
[0mCompiling "app/js/front.js" from ["src_front"]...
[31mCompiling "app/js/front.js" failed.[0m
ERROR: EOF while reading, starting at line 29 and column 5 on file /Users/david.mohl/src/dmedit/src_front/dmedit_om/core.cljs, line 35, column 1
[0mCompiling "app/js/front.js" from ["src_front"]...
[32mSuccessfully compiled "app/js/front.js" in 0.299 seconds.[0m
notifying browser that file changed:  /dmedit_om/core.js
[0mCompiling "app/js/front.js" from ["src_front"]...
[32mSuccessfully compiled "app/js/front.js" in 0.353 seconds.[0m
notifying browser that file changed:  /dmedit_om/core.js
[0mCompiling "app/js/front.js" from ["src_front"]...
[32mSuccessfully compiled "app/js/front.js" in 0.286 seconds.[0m
notifying browser that file changed:  /dmedit_om/core.js
